[2022-01-31 04:37:18] local.ERROR: Undefined variable: chartData (View: D:\laragon\www\katerio\@core\resources\views\backend\admin-home.blade.php) {"view":{"view":"D:\\laragon\\www\\katerio\\@core\esources\\views/backend/admin-home.blade.php","data":{"errors":"<pre class=sf-dump id=sf-dump-1629810955 data-indent-pad=\"  \"><span class=sf-dump-note>Illuminate\\Support\\ViewErrorBag</span> {<a class=sf-dump-ref>#701</a><samp data-depth=1 class=sf-dump-expanded>
  #<span class=sf-dump-protected title=\"Protected property\">bags</span>: []
</samp>}
</pre><script>Sfdump(\"sf-dump-1629810955\", {\"maxDepth\":3,\"maxStringLength\":160})</script>
","blog_count":"<pre class=sf-dump id=sf-dump-502051720 data-indent-pad=\"  \"><span class=sf-dump-num>64</span>
</pre><script>Sfdump(\"sf-dump-502051720\", {\"maxDepth\":3,\"maxStringLength\":160})</script>
","total_admin":"<pre class=sf-dump id=sf-dump-1452847135 data-indent-pad=\"  \"><span class=sf-dump-num>1</span>
</pre><script>Sfdump(\"sf-dump-1452847135\", {\"maxDepth\":3,\"maxStringLength\":160})</script>
","total_user":"<pre class=sf-dump id=sf-dump-206881939 data-indent-pad=\"  \"><span class=sf-dump-num>12</span>
</pre><script>Sfdump(\"sf-dump-206881939\", {\"maxDepth\":3,\"maxStringLength\":160})</script>
","all_poll":"<pre class=sf-dump id=sf-dump-1497992960 data-indent-pad=\"  \"><span class=sf-dump-num>2</span>
</pre><script>Sfdump(\"sf-dump-1497992960\", {\"maxDepth\":3,\"maxStringLength\":160})</script>
","total_advertisement":"<pre class=sf-dump id=sf-dump-518583562 data-indent-pad=\"  \"><span class=sf-dump-num>6</span>
</pre><script>Sfdump(\"sf-dump-518583562\", {\"maxDepth\":3,\"maxStringLength\":160})</script>
","total_subscriber":"<pre class=sf-dump id=sf-dump-1925666828 data-indent-pad=\"  \"><span class=sf-dump-num>9</span>
</pre><script>Sfdump(\"sf-dump-1925666828\", {\"maxDepth\":3,\"maxStringLength\":160})</script>
","data_url":"<pre class=sf-dump id=sf-dump-1360624460 data-indent-pad=\"  \"><span class=sf-dump-note>array:6</span> [<samp data-depth=1 class=sf-dump-expanded>
  \"<span class=sf-dump-key>admin</span>\" => \"<span class=sf-dump-str title=\"40 characters\">https://katerio.dev/admin-home/admin/new</span>\"
  \"<span class=sf-dump-key>user</span>\" => \"<span class=sf-dump-str title=\"48 characters\">https://katerio.dev/admin-home/frontend/new-user</span>\"
  \"<span class=sf-dump-key>blog</span>\" => \"<span class=sf-dump-str title=\"39 characters\">https://katerio.dev/admin-home/blog/new</span>\"
  \"<span class=sf-dump-key>poll</span>\" => \"<span class=sf-dump-str title=\"40 characters\">https://katerio.dev/admin-home/polls/new</span>\"
  \"<span class=sf-dump-key>advertisement</span>\" => \"<span class=sf-dump-str title=\"48 characters\">https://katerio.dev/admin-home/advertisement/new</span>\"
  \"<span class=sf-dump-key>subscriber</span>\" => \"<span class=sf-dump-str title=\"41 characters\">https://katerio.dev/admin-home/newsletter</span>\"
</samp>]
</pre><script>Sfdump(\"sf-dump-1360624460\", {\"maxDepth\":3,\"maxStringLength\":160})</script>
","home_variant_number":"<pre class=sf-dump id=sf-dump-789698647 data-indent-pad=\"  \">\"<span class=sf-dump-str title=\"2 characters\">01</span>\"
</pre><script>Sfdump(\"sf-dump-789698647\", {\"maxDepth\":3,\"maxStringLength\":160})</script>
","all_languages":"<pre class=sf-dump id=sf-dump-2044503760 data-indent-pad=\"  \"><span class=sf-dump-note>Illuminate\\Database\\Eloquent\\Collection</span> {<a class=sf-dump-ref>#1670</a><samp data-depth=1 class=sf-dump-expanded>
  #<span class=sf-dump-protected title=\"Protected property\">items</span>: <span class=sf-dump-note>array:2</span> [<samp data-depth=2 class=sf-dump-compact>
    <span class=sf-dump-index>0</span> => <span class=sf-dump-note title=\"App\\Language
\"><span class=\"sf-dump-ellipsis sf-dump-ellipsis-note\">App</span><span class=\"sf-dump-ellipsis sf-dump-ellipsis-note\">\\</span>Language</span> {<a class=sf-dump-ref>#1671</a><samp data-depth=3 class=sf-dump-compact>
      #<span class=sf-dump-protected title=\"Protected property\">table</span>: \"<span class=sf-dump-str title=\"9 characters\">languages</span>\"
      #<span class=sf-dump-protected title=\"Protected property\">fillable</span>: <span class=sf-dump-note>array:5</span> [ &hellip;5]
      #<span class=sf-dump-protected title=\"Protected property\">connection</span>: \"<span class=sf-dump-str title=\"5 characters\">mysql</span>\"
      #<span class=sf-dump-protected title=\"Protected property\">primaryKey</span>: \"<span class=sf-dump-str title=\"2 characters\">id</span>\"
      #<span class=sf-dump-protected title=\"Protected property\">keyType</span>: \"<span class=sf-dump-str title=\"3 characters\">int</span>\"
      +<span class=sf-dump-public title=\"Public property\">incrementing</span>: <span class=sf-dump-const>true</span>
      #<span class=sf-dump-protected title=\"Protected property\">with</span>: []
      #<span class=sf-dump-protected title=\"Protected property\">withCount</span>: []
      +<span class=sf-dump-public title=\"Public property\">preventsLazyLoading</span>: <span class=sf-dump-const>false</span>
      #<span class=sf-dump-protected title=\"Protected property\">perPage</span>: <span class=sf-dump-num>15</span>
      +<span class=sf-dump-public title=\"Public property\">exists</span>: <span class=sf-dump-const>true</span>
      +<span class=sf-dump-public title=\"Public property\">wasRecentlyCreated</span>: <span class=sf-dump-const>false</span>
      #<span class=sf-dump-protected title=\"Protected property\">escapeWhenCastingToString</span>: <span class=sf-dump-const>false</span>
      #<span class=sf-dump-protected title=\"Protected property\">attributes</span>: <span class=sf-dump-note>array:8</span> [ &hellip;8]
      #<span class=sf-dump-protected title=\"Protected property\">original</span>: <span class=sf-dump-note>array:8</span> [ &hellip;8]
      #<span class=sf-dump-protected title=\"Protected property\">changes</span>: []
      #<span class=sf-dump-protected title=\"Protected property\">casts</span>: []
      #<span class=sf-dump-protected title=\"Protected property\">classCastCache</span>: []
      #<span class=sf-dump-protected title=\"Protected property\">dates</span>: []
      #<span class=sf-dump-protected title=\"Protected property\">dateFormat</span>: <span class=sf-dump-const>null</span>
      #<span class=sf-dump-protected title=\"Protected property\">appends</span>: []
      #<span class=sf-dump-protected title=\"Protected property\">dispatchesEvents</span>: []
      #<span class=sf-dump-protected title=\"Protected property\">observables</span>: []
      #<span class=sf-dump-protected title=\"Protected property\">relations</span>: []
      #<span class=sf-dump-protected title=\"Protected property\">touches</span>: []
      +<span class=sf-dump-public title=\"Public property\">timestamps</span>: <span class=sf-dump-const>true</span>
      #<span class=sf-dump-protected title=\"Protected property\">hidden</span>: []
      #<span class=sf-dump-protected title=\"Protected property\">visible</span>: []
      #<span class=sf-dump-protected title=\"Protected property\">guarded</span>: <span class=sf-dump-note>array:1</span> [ &hellip;1]
    </samp>}
    <span class=sf-dump-index>1</span> => <span class=sf-dump-note title=\"App\\Language
\"><span class=\"sf-dump-ellipsis sf-dump-ellipsis-note\">App</span><span class=\"sf-dump-ellipsis sf-dump-ellipsis-note\">\\</span>Language</span> {<a class=sf-dump-ref>#1672</a><samp data-depth=3 class=sf-dump-compact>
      #<span class=sf-dump-protected title=\"Protected property\">table</span>: \"<span class=sf-dump-str title=\"9 characters\">languages</span>\"
      #<span class=sf-dump-protected title=\"Protected property\">fillable</span>: <span class=sf-dump-note>array:5</span> [ &hellip;5]
      #<span class=sf-dump-protected title=\"Protected property\">connection</span>: \"<span class=sf-dump-str title=\"5 characters\">mysql</span>\"
      #<span class=sf-dump-protected title=\"Protected property\">primaryKey</span>: \"<span class=sf-dump-str title=\"2 characters\">id</span>\"
      #<span class=sf-dump-protected title=\"Protected property\">keyType</span>: \"<span class=sf-dump-str title=\"3 characters\">int</span>\"
      +<span class=sf-dump-public title=\"Public property\">incrementing</span>: <span class=sf-dump-const>true</span>
      #<span class=sf-dump-protected title=\"Protected property\">with</span>: []
      #<span class=sf-dump-protected title=\"Protected property\">withCount</span>: []
      +<span class=sf-dump-public title=\"Public property\">preventsLazyLoading</span>: <span class=sf-dump-const>false</span>
      #<span class=sf-dump-protected title=\"Protected property\">perPage</span>: <span class=sf-dump-num>15</span>
      +<span class=sf-dump-public title=\"Public property\">exists</span>: <span class=sf-dump-const>true</span>
      +<span class=sf-dump-public title=\"Public property\">wasRecentlyCreated</span>: <span class=sf-dump-const>false</span>
      #<span class=sf-dump-protected title=\"Protected property\">escapeWhenCastingToString</span>: <span class=sf-dump-const>false</span>
      #<span class=sf-dump-protected title=\"Protected property\">attributes</span>: <span class=sf-dump-note>array:8</span> [ &hellip;8]
      #<span class=sf-dump-protected title=\"Protected property\">original</span>: <span class=sf-dump-note>array:8</span> [ &hellip;8]
      #<span class=sf-dump-protected title=\"Protected property\">changes</span>: []
      #<span class=sf-dump-protected title=\"Protected property\">casts</span>: []
      #<span class=sf-dump-protected title=\"Protected property\">classCastCache</span>: []
      #<span class=sf-dump-protected title=\"Protected property\">dates</span>: []
      #<span class=sf-dump-protected title=\"Protected property\">dateFormat</span>: <span class=sf-dump-const>null</span>
      #<span class=sf-dump-protected title=\"Protected property\">appends</span>: []
      #<span class=sf-dump-protected title=\"Protected property\">dispatchesEvents</span>: []
      #<span class=sf-dump-protected title=\"Protected property\">observables</span>: []
      #<span class=sf-dump-protected title=\"Protected property\">relations</span>: []
      #<span class=sf-dump-protected title=\"Protected property\">touches</span>: []
      +<span class=sf-dump-public title=\"Public property\">timestamps</span>: <span class=sf-dump-const>true</span>
      #<span class=sf-dump-protected title=\"Protected property\">hidden</span>: []
      #<span class=sf-dump-protected title=\"Protected property\">visible</span>: []
      #<span class=sf-dump-protected title=\"Protected property\">guarded</span>: <span class=sf-dump-note>array:1</span> [ &hellip;1]
    </samp>}
  </samp>]
  #<span class=sf-dump-protected title=\"Protected property\">escapeWhenCastingToString</span>: <span class=sf-dump-const>false</span>
</samp>}
</pre><script>Sfdump(\"sf-dump-2044503760\", {\"maxDepth\":3,\"maxStringLength\":160})</script>
","admin_default_lang":"<pre class=sf-dump id=sf-dump-1613901870 data-indent-pad=\"  \">\"<span class=sf-dump-str title=\"5 characters\">en_GB</span>\"
</pre><script>Sfdump(\"sf-dump-1613901870\", {\"maxDepth\":3,\"maxStringLength\":160})</script>
"}},"userId":22,"exception":"[object] (Facade\\Ignition\\Exceptions\\ViewException(code: 0): Undefined variable: chartData (View: D:\\laragon\\www\\katerio\\@core\esources\\views\\backend\\admin-home.blade.php) at D:\\laragon\\www\\katerio\\@core\esources\\views/backend/admin-home.blade.php:169)
[stacktrace]
#0 D:\\laragon\\www\\katerio\\@core\esources\\views/backend/admin-home.blade.php(169): Illuminate\\Foundation\\Bootstrap\\HandleExceptions->handleError(8, 'Undefined varia...', 'D:\\\\laragon\\\\www\\\\...', 169, Array)
#1 D:\\laragon\\www\\katerio\\@core\\vendor\\laravel\\framework\\src\\Illuminate\\Filesystem\\Filesystem.php(107): require('D:\\\\laragon\\\\www\\\\...')
#2 D:\\laragon\\www\\katerio\\@core\\vendor\\laravel\\framework\\src\\Illuminate\\Filesystem\\Filesystem.php(108): Illuminate\\Filesystem\\Filesystem::Illuminate\\Filesystem\\{closure}()
#3 D:\\laragon\\www\\katerio\\@core\\vendor\\laravel\\framework\\src\\Illuminate\\View\\Engines\\PhpEngine.php(58): Illuminate\\Filesystem\\Filesystem->getRequire('D:\\\\laragon\\\\www\\\\...', Array)
#4 D:\\laragon\\www\\katerio\\@core\\vendor\\laravel\\framework\\src\\Illuminate\\View\\Engines\\CompilerEngine.php(61): Illuminate\\View\\Engines\\PhpEngine->evaluatePath('D:\\\\laragon\\\\www\\\\...', Array)
#5 D:\\laragon\\www\\katerio\\@core\\vendor\\facade\\ignition\\src\\Views\\Engines\\CompilerEngine.php(37): Illuminate\\View\\Engines\\CompilerEngine->get('D:\\\\laragon\\\\www\\\\...', Array)
#6 D:\\laragon\\www\\katerio\\@core\\vendor\\laravel\\framework\\src\\Illuminate\\View\\View.php(139): Facade\\Ignition\\Views\\Engines\\CompilerEngine->get('D:\\\\laragon\\\\www\\\\...', Array)
#7 D:\\laragon\\www\\katerio\\@core\\vendor\\laravel\\framework\\src\\Illuminate\\View\\View.php(122): Illuminate\\View\\View->getContents()
#8 D:\\laragon\\www\\katerio\\@core\\vendor\\laravel\\framework\\src\\Illuminate\\View\\View.php(91): Illuminate\\View\\View->renderContents()
#9 D:\\laragon\\www\\katerio\\@core\\vendor\\laravel\\framework\\src\\Illuminate\\Http\\Response.php(69): Illuminate\\View\\View->render()
#10 D:\\laragon\\www\\katerio\\@core\\vendor\\laravel\\framework\\src\\Illuminate\\Http\\Response.php(35): Illuminate\\Http\\Response->setContent(Object(Illuminate\\View\\View))
#11 D:\\laragon\\www\\katerio\\@core\\vendor\\laravel\\framework\\src\\Illuminate\\Routing\\Router.php(794): Illuminate\\Http\\Response->__construct(Object(Illuminate\\View\\View), 200, Array)
#12 D:\\laragon\\www\\katerio\\@core\\vendor\\laravel\\framework\\src\\Illuminate\\Routing\\Router.php(763): Illuminate\\Routing\\Router::toResponse(Object(Illuminate\\Http\\Request), Object(Illuminate\\View\\View))
#13 D:\\laragon\\www\\katerio\\@core\\vendor\\laravel\\framework\\src\\Illuminate\\Routing\\Router.php(695): Illuminate\\Routing\\Router->prepareResponse(Object(Illuminate\\Http\\Request), Object(Illuminate\\View\\View))
#14 D:\\laragon\\www\\katerio\\@core\\vendor\\laravel\\framework\\src\\Illuminate\\Pipeline\\Pipeline.php(128): Illuminate\\Routing\\Router->Illuminate\\Routing\\{closure}(Object(Illuminate\\Http\\Request))
#15 D:\\laragon\\www\\katerio\\@core\\app\\Http\\Middleware\\AdminGlobalVariable.php(28): Illuminate\\Pipeline\\Pipeline->Illuminate\\Pipeline\\{closure}(Object(Illuminate\\Http\\Request))
#16 D:\\laragon\\www\\katerio\\@core\\vendor\\laravel\\framework\\src\\Illuminate\\Pipeline\\Pipeline.php(167): App\\Http\\Middleware\\AdminGlobalVariable->handle(Object(Illuminate\\Http\\Request), Object(Closure))
#17 D:\\laragon\\www\\katerio\\@core\\app\\Http\\Middleware\\SetLang.php(25): Illuminate\\Pipeline\\Pipeline->Illuminate\\Pipeline\\{closure}(Object(Illuminate\\Http\\Request))
#18 D:\\laragon\\www\\katerio\\@core\\vendor\\laravel\\framework\\src\\Illuminate\\Pipeline\\Pipeline.php(167): App\\Http\\Middleware\\SetLang->handle(Object(Illuminate\\Http\\Request), Object(Closure))
#19 D:\\laragon\\www\\katerio\\@core\\app\\Http\\Middleware\\VistorInfoMiddleware.php(46): Illuminate\\Pipeline\\Pipeline->Illuminate\\Pipeline\\{closure}(Object(Illuminate\\Http\\Request))
#20 D:\\laragon\\www\\katerio\\@core\\vendor\\laravel\\framework\\src\\Illuminate\\Pipeline\\Pipeline.php(167): App\\Http\\Middleware\\VistorInfoMiddleware->handle(Object(Illuminate\\Http\\Request), Object(Closure))
#21 D:\\laragon\\www\\katerio\\@core\\vendor\\laravel\\framework\\src\\Illuminate\\Routing\\Middleware\\SubstituteBindings.php(50): Illuminate\\Pipeline\\Pipeline->Illuminate\\Pipeline\\{closure}(Object(Illuminate\\Http\\Request))
#22 D:\\laragon\\www\\katerio\\@core\\vendor\\laravel\\framework\\src\\Illuminate\\Pipeline\\Pipeline.php(167): Illuminate\\Routing\\Middleware\\SubstituteBindings->handle(Object(Illuminate\\Http\\Request), Object(Closure))
#23 D:\\laragon\\www\\katerio\\@core\\vendor\\laravel\\framework\\src\\Illuminate\\Auth\\Middleware\\Authenticate.php(44): Illuminate\\Pipeline\\Pipeline->Illuminate\\Pipeline\\{closure}(Object(Illuminate\\Http\\Request))
#24 D:\\laragon\\www\\katerio\\@core\\vendor\\laravel\\framework\\src\\Illuminate\\Pipeline\\Pipeline.php(167): Illuminate\\Auth\\Middleware\\Authenticate->handle(Object(Illuminate\\Http\\Request), Object(Closure), 'admin')
#25 D:\\laragon\\www\\katerio\\@core\\vendor\\laravel\\framework\\src\\Illuminate\\Foundation\\Http\\Middleware\\VerifyCsrfToken.php(78): Illuminate\\Pipeline\\Pipeline->Illuminate\\Pipeline\\{closure}(Object(Illuminate\\Http\\Request))
#26 D:\\laragon\\www\\katerio\\@core\\vendor\\laravel\\framework\\src\\Illuminate\\Pipeline\\Pipeline.php(167): Illuminate\\Foundation\\Http\\Middleware\\VerifyCsrfToken->handle(Object(Illuminate\\Http\\Request), Object(Closure))
#27 D:\\laragon\\www\\katerio\\@core\\vendor\\laravel\\framework\\src\\Illuminate\\View\\Middleware\\ShareErrorsFromSession.php(49): Illuminate\\Pipeline\\Pipeline->Illuminate\\Pipeline\\{closure}(Object(Illuminate\\Http\\Request))
#28 D:\\laragon\\www\\katerio\\@core\\vendor\\laravel\\framework\\src\\Illuminate\\Pipeline\\Pipeline.php(167): Illuminate\\View\\Middleware\\ShareErrorsFromSession->handle(Object(Illuminate\\Http\\Request), Object(Closure))
#29 D:\\laragon\\www\\katerio\\@core\\vendor\\laravel\\framework\\src\\Illuminate\\Session\\Middleware\\StartSession.php(121): Illuminate\\Pipeline\\Pipeline->Illuminate\\Pipeline\\{closure}(Object(Illuminate\\Http\\Request))
#30 D:\\laragon\\www\\katerio\\@core\\vendor\\laravel\\framework\\src\\Illuminate\\Session\\Middleware\\StartSession.php(64): Illuminate\\Session\\Middleware\\StartSession->handleStatefulRequest(Object(Illuminate\\Http\\Request), Object(Illuminate\\Session\\Store), Object(Closure))
#31 D:\\laragon\\www\\katerio\\@core\\vendor\\laravel\\framework\\src\\Illuminate\\Pipeline\\Pipeline.php(167): Illuminate\\Session\\Middleware\\StartSession->handle(Object(Illuminate\\Http\\Request), Object(Closure))
#32 D:\\laragon\\www\\katerio\\@core\\vendor\\laravel\\framework\\src\\Illuminate\\Cookie\\Middleware\\AddQueuedCookiesToResponse.php(37): Illuminate\\Pipeline\\Pipeline->Illuminate\\Pipeline\\{closure}(Object(Illuminate\\Http\\Request))
#33 D:\\laragon\\www\\katerio\\@core\\vendor\\laravel\\framework\\src\\Illuminate\\Pipeline\\Pipeline.php(167): Illuminate\\Cookie\\Middleware\\AddQueuedCookiesToResponse->handle(Object(Illuminate\\Http\\Request), Object(Closure))
#34 D:\\laragon\\www\\katerio\\@core\\vendor\\laravel\\framework\\src\\Illuminate\\Cookie\\Middleware\\EncryptCookies.php(67): Illuminate\\Pipeline\\Pipeline->Illuminate\\Pipeline\\{closure}(Object(Illuminate\\Http\\Request))
#35 D:\\laragon\\www\\katerio\\@core\\vendor\\laravel\\framework\\src\\Illuminate\\Pipeline\\Pipeline.php(167): Illuminate\\Cookie\\Middleware\\EncryptCookies->handle(Object(Illuminate\\Http\\Request), Object(Closure))
#36 D:\\laragon\\www\\katerio\\@core\\vendor\\laravel\\framework\\src\\Illuminate\\Pipeline\\Pipeline.php(103): Illuminate\\Pipeline\\Pipeline->Illuminate\\Pipeline\\{closure}(Object(Illuminate\\Http\\Request))
#37 D:\\laragon\\www\\katerio\\@core\\vendor\\laravel\\framework\\src\\Illuminate\\Routing\\Router.php(697): Illuminate\\Pipeline\\Pipeline->then(Object(Closure))
#38 D:\\laragon\\www\\katerio\\@core\\vendor\\laravel\\framework\\src\\Illuminate\\Routing\\Router.php(672): Illuminate\\Routing\\Router->runRouteWithinStack(Object(Illuminate\\Routing\\Route), Object(Illuminate\\Http\\Request))
#39 D:\\laragon\\www\\katerio\\@core\\vendor\\laravel\\framework\\src\\Illuminate\\Routing\\Router.php(636): Illuminate\\Routing\\Router->runRoute(Object(Illuminate\\Http\\Request), Object(Illuminate\\Routing\\Route))
#40 D:\\laragon\\www\\katerio\\@core\\vendor\\laravel\\framework\\src\\Illuminate\\Routing\\Router.php(625): Illuminate\\Routing\\Router->dispatchToRoute(Object(Illuminate\\Http\\Request))
#41 D:\\laragon\\www\\katerio\\@core\\vendor\\laravel\\framework\\src\\Illuminate\\Foundation\\Http\\Kernel.php(167): Illuminate\\Routing\\Router->dispatch(Object(Illuminate\\Http\\Request))
#42 D:\\laragon\\www\\katerio\\@core\\vendor\\laravel\\framework\\src\\Illuminate\\Pipeline\\Pipeline.php(128): Illuminate\\Foundation\\Http\\Kernel->Illuminate\\Foundation\\Http\\{closure}(Object(Illuminate\\Http\\Request))
#43 D:\\laragon\\www\\katerio\\@core\\vendor\\laravel\\framework\\src\\Illuminate\\Foundation\\Http\\Middleware\\TransformsRequest.php(21): Illuminate\\Pipeline\\Pipeline->Illuminate\\Pipeline\\{closure}(Object(Illuminate\\Http\\Request))
#44 D:\\laragon\\www\\katerio\\@core\\vendor\\laravel\\framework\\src\\Illuminate\\Foundation\\Http\\Middleware\\ConvertEmptyStringsToNull.php(31): Illuminate\\Foundation\\Http\\Middleware\\TransformsRequest->handle(Object(Illuminate\\Http\\Request), Object(Closure))
#45 D:\\laragon\\www\\katerio\\@core\\vendor\\laravel\\framework\\src\\Illuminate\\Pipeline\\Pipeline.php(167): Illuminate\\Foundation\\Http\\Middleware\\ConvertEmptyStringsToNull->handle(Object(Illuminate\\Http\\Request), Object(Closure))
#46 D:\\laragon\\www\\katerio\\@core\\vendor\\laravel\\framework\\src\\Illuminate\\Foundation\\Http\\Middleware\\TransformsRequest.php(21): Illuminate\\Pipeline\\Pipeline->Illuminate\\Pipeline\\{closure}(Object(Illuminate\\Http\\Request))
#47 D:\\laragon\\www\\katerio\\@core\\vendor\\laravel\\framework\\src\\Illuminate\\Foundation\\Http\\Middleware\\TrimStrings.php(40): Illuminate\\Foundation\\Http\\Middleware\\TransformsRequest->handle(Object(Illuminate\\Http\\Request), Object(Closure))
#48 D:\\laragon\\www\\katerio\\@core\\vendor\\laravel\\framework\\src\\Illuminate\\Pipeline\\Pipeline.php(167): Illuminate\\Foundation\\Http\\Middleware\\TrimStrings->handle(Object(Illuminate\\Http\\Request), Object(Closure))
#49 D:\\laragon\\www\\katerio\\@core\\vendor\\laravel\\framework\\src\\Illuminate\\Foundation\\Http\\Middleware\\ValidatePostSize.php(27): Illuminate\\Pipeline\\Pipeline->Illuminate\\Pipeline\\{closure}(Object(Illuminate\\Http\\Request))
#50 D:\\laragon\\www\\katerio\\@core\\vendor\\laravel\\framework\\src\\Illuminate\\Pipeline\\Pipeline.php(167): Illuminate\\Foundation\\Http\\Middleware\\ValidatePostSize->handle(Object(Illuminate\\Http\\Request), Object(Closure))
#51 D:\\laragon\\www\\katerio\\@core\\vendor\\laravel\\framework\\src\\Illuminate\\Foundation\\Http\\Middleware\\PreventRequestsDuringMaintenance.php(86): Illuminate\\Pipeline\\Pipeline->Illuminate\\Pipeline\\{closure}(Object(Illuminate\\Http\\Request))
#52 D:\\laragon\\www\\katerio\\@core\\vendor\\laravel\\framework\\src\\Illuminate\\Pipeline\\Pipeline.php(167): Illuminate\\Foundation\\Http\\Middleware\\PreventRequestsDuringMaintenance->handle(Object(Illuminate\\Http\\Request), Object(Closure))
#53 D:\\laragon\\www\\katerio\\@core\\vendor\\fideloper\\proxy\\src\\TrustProxies.php(57): Illuminate\\Pipeline\\Pipeline->Illuminate\\Pipeline\\{closure}(Object(Illuminate\\Http\\Request))
#54 D:\\laragon\\www\\katerio\\@core\\vendor\\laravel\\framework\\src\\Illuminate\\Pipeline\\Pipeline.php(167): Fideloper\\Proxy\\TrustProxies->handle(Object(Illuminate\\Http\\Request), Object(Closure))
#55 D:\\laragon\\www\\katerio\\@core\\vendor\\laravel\\framework\\src\\Illuminate\\Pipeline\\Pipeline.php(103): Illuminate\\Pipeline\\Pipeline->Illuminate\\Pipeline\\{closure}(Object(Illuminate\\Http\\Request))
#56 D:\\laragon\\www\\katerio\\@core\\vendor\\laravel\\framework\\src\\Illuminate\\Foundation\\Http\\Kernel.php(142): Illuminate\\Pipeline\\Pipeline->then(Object(Closure))
#57 D:\\laragon\\www\\katerio\\@core\\vendor\\laravel\\framework\\src\\Illuminate\\Foundation\\Http\\Kernel.php(111): Illuminate\\Foundation\\Http\\Kernel->sendRequestThroughRouter(Object(Illuminate\\Http\\Request))
#58 D:\\laragon\\www\\katerio\\index.php(74): Illuminate\\Foundation\\Http\\Kernel->handle(Object(Illuminate\\Http\\Request))
#59 {main}

[previous exception] [object] (ErrorException(code: 0): Undefined variable: chartData at D:\\laragon\\www\\katerio\\@core\\storage\\framework\\views\\2e74e148477c2445cba50e1b858bc88ba8316a3b.php:169)
[stacktrace]
#0 D:\\laragon\\www\\katerio\\@core\\storage\\framework\\views\\2e74e148477c2445cba50e1b858bc88ba8316a3b.php(169): Illuminate\\Foundation\\Bootstrap\\HandleExceptions->handleError(8, 'Undefined varia...', 'D:\\\\laragon\\\\www\\\\...', 169, Array)
#1 D:\\laragon\\www\\katerio\\@core\\vendor\\laravel\\framework\\src\\Illuminate\\Filesystem\\Filesystem.php(107): require('D:\\\\laragon\\\\www\\\\...')
#2 D:\\laragon\\www\\katerio\\@core\\vendor\\laravel\\framework\\src\\Illuminate\\Filesystem\\Filesystem.php(108): Illuminate\\Filesystem\\Filesystem::Illuminate\\Filesystem\\{closure}()
#3 D:\\laragon\\www\\katerio\\@core\\vendor\\laravel\\framework\\src\\Illuminate\\View\\Engines\\PhpEngine.php(58): Illuminate\\Filesystem\\Filesystem->getRequire('D:\\\\laragon\\\\www\\\\...', Array)
#4 D:\\laragon\\www\\katerio\\@core\\vendor\\laravel\\framework\\src\\Illuminate\\View\\Engines\\CompilerEngine.php(61): Illuminate\\View\\Engines\\PhpEngine->evaluatePath('D:\\\\laragon\\\\www\\\\...', Array)
#5 D:\\laragon\\www\\katerio\\@core\\vendor\\facade\\ignition\\src\\Views\\Engines\\CompilerEngine.php(37): Illuminate\\View\\Engines\\CompilerEngine->get('D:\\\\laragon\\\\www\\\\...', Array)
#6 D:\\laragon\\www\\katerio\\@core\\vendor\\laravel\\framework\\src\\Illuminate\\View\\View.php(139): Facade\\Ignition\\Views\\Engines\\CompilerEngine->get('D:\\\\laragon\\\\www\\\\...', Array)
#7 D:\\laragon\\www\\katerio\\@core\\vendor\\laravel\\framework\\src\\Illuminate\\View\\View.php(122): Illuminate\\View\\View->getContents()
#8 D:\\laragon\\www\\katerio\\@core\\vendor\\laravel\\framework\\src\\Illuminate\\View\\View.php(91): Illuminate\\View\\View->renderContents()
#9 D:\\laragon\\www\\katerio\\@core\\vendor\\laravel\\framework\\src\\Illuminate\\Http\\Response.php(69): Illuminate\\View\\View->render()
#10 D:\\laragon\\www\\katerio\\@core\\vendor\\laravel\\framework\\src\\Illuminate\\Http\\Response.php(35): Illuminate\\Http\\Response->setContent(Object(Illuminate\\View\\View))
#11 D:\\laragon\\www\\katerio\\@core\\vendor\\laravel\\framework\\src\\Illuminate\\Routing\\Router.php(794): Illuminate\\Http\\Response->__construct(Object(Illuminate\\View\\View), 200, Array)
#12 D:\\laragon\\www\\katerio\\@core\\vendor\\laravel\\framework\\src\\Illuminate\\Routing\\Router.php(763): Illuminate\\Routing\\Router::toResponse(Object(Illuminate\\Http\\Request), Object(Illuminate\\View\\View))
#13 D:\\laragon\\www\\katerio\\@core\\vendor\\laravel\\framework\\src\\Illuminate\\Routing\\Router.php(695): Illuminate\\Routing\\Router->prepareResponse(Object(Illuminate\\Http\\Request), Object(Illuminate\\View\\View))
#14 D:\\laragon\\www\\katerio\\@core\\vendor\\laravel\\framework\\src\\Illuminate\\Pipeline\\Pipeline.php(128): Illuminate\\Routing\\Router->Illuminate\\Routing\\{closure}(Object(Illuminate\\Http\\Request))
#15 D:\\laragon\\www\\katerio\\@core\\app\\Http\\Middleware\\AdminGlobalVariable.php(28): Illuminate\\Pipeline\\Pipeline->Illuminate\\Pipeline\\{closure}(Object(Illuminate\\Http\\Request))
#16 D:\\laragon\\www\\katerio\\@core\\vendor\\laravel\\framework\\src\\Illuminate\\Pipeline\\Pipeline.php(167): App\\Http\\Middleware\\AdminGlobalVariable->handle(Object(Illuminate\\Http\\Request), Object(Closure))
#17 D:\\laragon\\www\\katerio\\@core\\app\\Http\\Middleware\\SetLang.php(25): Illuminate\\Pipeline\\Pipeline->Illuminate\\Pipeline\\{closure}(Object(Illuminate\\Http\\Request))
#18 D:\\laragon\\www\\katerio\\@core\\vendor\\laravel\\framework\\src\\Illuminate\\Pipeline\\Pipeline.php(167): App\\Http\\Middleware\\SetLang->handle(Object(Illuminate\\Http\\Request), Object(Closure))
#19 D:\\laragon\\www\\katerio\\@core\\app\\Http\\Middleware\\VistorInfoMiddleware.php(46): Illuminate\\Pipeline\\Pipeline->Illuminate\\Pipeline\\{closure}(Object(Illuminate\\Http\\Request))
#20 D:\\laragon\\www\\katerio\\@core\\vendor\\laravel\\framework\\src\\Illuminate\\Pipeline\\Pipeline.php(167): App\\Http\\Middleware\\VistorInfoMiddleware->handle(Object(Illuminate\\Http\\Request), Object(Closure))
#21 D:\\laragon\\www\\katerio\\@core\\vendor\\laravel\\framework\\src\\Illuminate\\Routing\\Middleware\\SubstituteBindings.php(50): Illuminate\\Pipeline\\Pipeline->Illuminate\\Pipeline\\{closure}(Object(Illuminate\\Http\\Request))
#22 D:\\laragon\\www\\katerio\\@core\\vendor\\laravel\\framework\\src\\Illuminate\\Pipeline\\Pipeline.php(167): Illuminate\\Routing\\Middleware\\SubstituteBindings->handle(Object(Illuminate\\Http\\Request), Object(Closure))
#23 D:\\laragon\\www\\katerio\\@core\\vendor\\laravel\\framework\\src\\Illuminate\\Auth\\Middleware\\Authenticate.php(44): Illuminate\\Pipeline\\Pipeline->Illuminate\\Pipeline\\{closure}(Object(Illuminate\\Http\\Request))
#24 D:\\laragon\\www\\katerio\\@core\\vendor\\laravel\\framework\\src\\Illuminate\\Pipeline\\Pipeline.php(167): Illuminate\\Auth\\Middleware\\Authenticate->handle(Object(Illuminate\\Http\\Request), Object(Closure), 'admin')
#25 D:\\laragon\\www\\katerio\\@core\\vendor\\laravel\\framework\\src\\Illuminate\\Foundation\\Http\\Middleware\\VerifyCsrfToken.php(78): Illuminate\\Pipeline\\Pipeline->Illuminate\\Pipeline\\{closure}(Object(Illuminate\\Http\\Request))
#26 D:\\laragon\\www\\katerio\\@core\\vendor\\laravel\\framework\\src\\Illuminate\\Pipeline\\Pipeline.php(167): Illuminate\\Foundation\\Http\\Middleware\\VerifyCsrfToken->handle(Object(Illuminate\\Http\\Request), Object(Closure))
#27 D:\\laragon\\www\\katerio\\@core\\vendor\\laravel\\framework\\src\\Illuminate\\View\\Middleware\\ShareErrorsFromSession.php(49): Illuminate\\Pipeline\\Pipeline->Illuminate\\Pipeline\\{closure}(Object(Illuminate\\Http\\Request))
#28 D:\\laragon\\www\\katerio\\@core\\vendor\\laravel\\framework\\src\\Illuminate\\Pipeline\\Pipeline.php(167): Illuminate\\View\\Middleware\\ShareErrorsFromSession->handle(Object(Illuminate\\Http\\Request), Object(Closure))
#29 D:\\laragon\\www\\katerio\\@core\\vendor\\laravel\\framework\\src\\Illuminate\\Session\\Middleware\\StartSession.php(121): Illuminate\\Pipeline\\Pipeline->Illuminate\\Pipeline\\{closure}(Object(Illuminate\\Http\\Request))
#30 D:\\laragon\\www\\katerio\\@core\\vendor\\laravel\\framework\\src\\Illuminate\\Session\\Middleware\\StartSession.php(64): Illuminate\\Session\\Middleware\\StartSession->handleStatefulRequest(Object(Illuminate\\Http\\Request), Object(Illuminate\\Session\\Store), Object(Closure))
#31 D:\\laragon\\www\\katerio\\@core\\vendor\\laravel\\framework\\src\\Illuminate\\Pipeline\\Pipeline.php(167): Illuminate\\Session\\Middleware\\StartSession->handle(Object(Illuminate\\Http\\Request), Object(Closure))
#32 D:\\laragon\\www\\katerio\\@core\\vendor\\laravel\\framework\\src\\Illuminate\\Cookie\\Middleware\\AddQueuedCookiesToResponse.php(37): Illuminate\\Pipeline\\Pipeline->Illuminate\\Pipeline\\{closure}(Object(Illuminate\\Http\\Request))
#33 D:\\laragon\\www\\katerio\\@core\\vendor\\laravel\\framework\\src\\Illuminate\\Pipeline\\Pipeline.php(167): Illuminate\\Cookie\\Middleware\\AddQueuedCookiesToResponse->handle(Object(Illuminate\\Http\\Request), Object(Closure))
#34 D:\\laragon\\www\\katerio\\@core\\vendor\\laravel\\framework\\src\\Illuminate\\Cookie\\Middleware\\EncryptCookies.php(67): Illuminate\\Pipeline\\Pipeline->Illuminate\\Pipeline\\{closure}(Object(Illuminate\\Http\\Request))
#35 D:\\laragon\\www\\katerio\\@core\\vendor\\laravel\\framework\\src\\Illuminate\\Pipeline\\Pipeline.php(167): Illuminate\\Cookie\\Middleware\\EncryptCookies->handle(Object(Illuminate\\Http\\Request), Object(Closure))
#36 D:\\laragon\\www\\katerio\\@core\\vendor\\laravel\\framework\\src\\Illuminate\\Pipeline\\Pipeline.php(103): Illuminate\\Pipeline\\Pipeline->Illuminate\\Pipeline\\{closure}(Object(Illuminate\\Http\\Request))
#37 D:\\laragon\\www\\katerio\\@core\\vendor\\laravel\\framework\\src\\Illuminate\\Routing\\Router.php(697): Illuminate\\Pipeline\\Pipeline->then(Object(Closure))
#38 D:\\laragon\\www\\katerio\\@core\\vendor\\laravel\\framework\\src\\Illuminate\\Routing\\Router.php(672): Illuminate\\Routing\\Router->runRouteWithinStack(Object(Illuminate\\Routing\\Route), Object(Illuminate\\Http\\Request))
#39 D:\\laragon\\www\\katerio\\@core\\vendor\\laravel\\framework\\src\\Illuminate\\Routing\\Router.php(636): Illuminate\\Routing\\Router->runRoute(Object(Illuminate\\Http\\Request), Object(Illuminate\\Routing\\Route))
#40 D:\\laragon\\www\\katerio\\@core\\vendor\\laravel\\framework\\src\\Illuminate\\Routing\\Router.php(625): Illuminate\\Routing\\Router->dispatchToRoute(Object(Illuminate\\Http\\Request))
#41 D:\\laragon\\www\\katerio\\@core\\vendor\\laravel\\framework\\src\\Illuminate\\Foundation\\Http\\Kernel.php(167): Illuminate\\Routing\\Router->dispatch(Object(Illuminate\\Http\\Request))
#42 D:\\laragon\\www\\katerio\\@core\\vendor\\laravel\\framework\\src\\Illuminate\\Pipeline\\Pipeline.php(128): Illuminate\\Foundation\\Http\\Kernel->Illuminate\\Foundation\\Http\\{closure}(Object(Illuminate\\Http\\Request))
#43 D:\\laragon\\www\\katerio\\@core\\vendor\\laravel\\framework\\src\\Illuminate\\Foundation\\Http\\Middleware\\TransformsRequest.php(21): Illuminate\\Pipeline\\Pipeline->Illuminate\\Pipeline\\{closure}(Object(Illuminate\\Http\\Request))
#44 D:\\laragon\\www\\katerio\\@core\\vendor\\laravel\\framework\\src\\Illuminate\\Foundation\\Http\\Middleware\\ConvertEmptyStringsToNull.php(31): Illuminate\\Foundation\\Http\\Middleware\\TransformsRequest->handle(Object(Illuminate\\Http\\Request), Object(Closure))
#45 D:\\laragon\\www\\katerio\\@core\\vendor\\laravel\\framework\\src\\Illuminate\\Pipeline\\Pipeline.php(167): Illuminate\\Foundation\\Http\\Middleware\\ConvertEmptyStringsToNull->handle(Object(Illuminate\\Http\\Request), Object(Closure))
#46 D:\\laragon\\www\\katerio\\@core\\vendor\\laravel\\framework\\src\\Illuminate\\Foundation\\Http\\Middleware\\TransformsRequest.php(21): Illuminate\\Pipeline\\Pipeline->Illuminate\\Pipeline\\{closure}(Object(Illuminate\\Http\\Request))
#47 D:\\laragon\\www\\katerio\\@core\\vendor\\laravel\\framework\\src\\Illuminate\\Foundation\\Http\\Middleware\\TrimStrings.php(40): Illuminate\\Foundation\\Http\\Middleware\\TransformsRequest->handle(Object(Illuminate\\Http\\Request), Object(Closure))
#48 D:\\laragon\\www\\katerio\\@core\\vendor\\laravel\\framework\\src\\Illuminate\\Pipeline\\Pipeline.php(167): Illuminate\\Foundation\\Http\\Middleware\\TrimStrings->handle(Object(Illuminate\\Http\\Request), Object(Closure))
#49 D:\\laragon\\www\\katerio\\@core\\vendor\\laravel\\framework\\src\\Illuminate\\Foundation\\Http\\Middleware\\ValidatePostSize.php(27): Illuminate\\Pipeline\\Pipeline->Illuminate\\Pipeline\\{closure}(Object(Illuminate\\Http\\Request))
#50 D:\\laragon\\www\\katerio\\@core\\vendor\\laravel\\framework\\src\\Illuminate\\Pipeline\\Pipeline.php(167): Illuminate\\Foundation\\Http\\Middleware\\ValidatePostSize->handle(Object(Illuminate\\Http\\Request), Object(Closure))
#51 D:\\laragon\\www\\katerio\\@core\\vendor\\laravel\\framework\\src\\Illuminate\\Foundation\\Http\\Middleware\\PreventRequestsDuringMaintenance.php(86): Illuminate\\Pipeline\\Pipeline->Illuminate\\Pipeline\\{closure}(Object(Illuminate\\Http\\Request))
#52 D:\\laragon\\www\\katerio\\@core\\vendor\\laravel\\framework\\src\\Illuminate\\Pipeline\\Pipeline.php(167): Illuminate\\Foundation\\Http\\Middleware\\PreventRequestsDuringMaintenance->handle(Object(Illuminate\\Http\\Request), Object(Closure))
#53 D:\\laragon\\www\\katerio\\@core\\vendor\\fideloper\\proxy\\src\\TrustProxies.php(57): Illuminate\\Pipeline\\Pipeline->Illuminate\\Pipeline\\{closure}(Object(Illuminate\\Http\\Request))
#54 D:\\laragon\\www\\katerio\\@core\\vendor\\laravel\\framework\\src\\Illuminate\\Pipeline\\Pipeline.php(167): Fideloper\\Proxy\\TrustProxies->handle(Object(Illuminate\\Http\\Request), Object(Closure))
#55 D:\\laragon\\www\\katerio\\@core\\vendor\\laravel\\framework\\src\\Illuminate\\Pipeline\\Pipeline.php(103): Illuminate\\Pipeline\\Pipeline->Illuminate\\Pipeline\\{closure}(Object(Illuminate\\Http\\Request))
#56 D:\\laragon\\www\\katerio\\@core\\vendor\\laravel\\framework\\src\\Illuminate\\Foundation\\Http\\Kernel.php(142): Illuminate\\Pipeline\\Pipeline->then(Object(Closure))
#57 D:\\laragon\\www\\katerio\\@core\\vendor\\laravel\\framework\\src\\Illuminate\\Foundation\\Http\\Kernel.php(111): Illuminate\\Foundation\\Http\\Kernel->sendRequestThroughRouter(Object(Illuminate\\Http\\Request))
#58 D:\\laragon\\www\\katerio\\index.php(74): Illuminate\\Foundation\\Http\\Kernel->handle(Object(Illuminate\\Http\\Request))
#59 {main}
"} 
[2022-01-31 08:01:29] production.ERROR: SQLSTATE[HY000] [1045] Access denied for user 'forge'@'localhost' (using password: NO) (SQL: select * from `languages`) {"exception":"[object] (Illuminate\\Database\\QueryException(code: 1045): SQLSTATE[HY000] [1045] Access denied for user 'forge'@'localhost' (using password: NO) (SQL: select * from `languages`) at D:\\laragon\\www\\katerio\\@core\\vendor\\laravel\\framework\\src\\Illuminate\\Database\\Connection.php:703)
[stacktrace]
#0 D:\\laragon\\www\\katerio\\@core\\vendor\\laravel\\framework\\src\\Illuminate\\Database\\Connection.php(663): Illuminate\\Database\\Connection->runQueryCallback('select * from `...', Array, Object(Closure))
#1 D:\\laragon\\www\\katerio\\@core\\vendor\\laravel\\framework\\src\\Illuminate\\Database\\Connection.php(367): Illuminate\\Database\\Connection->run('select * from `...', Array, Object(Closure))
#2 D:\\laragon\\www\\katerio\\@core\\vendor\\laravel\\framework\\src\\Illuminate\\Database\\Query\\Builder.php(2352): Illuminate\\Database\\Connection->select('select * from `...', Array, true)
#3 D:\\laragon\\www\\katerio\\@core\\vendor\\laravel\\framework\\src\\Illuminate\\Database\\Query\\Builder.php(2340): Illuminate\\Database\\Query\\Builder->runSelect()
#4 D:\\laragon\\www\\katerio\\@core\\vendor\\laravel\\framework\\src\\Illuminate\\Database\\Query\\Builder.php(2874): Illuminate\\Database\\Query\\Builder->Illuminate\\Database\\Query\\{closure}()
#5 D:\\laragon\\www\\katerio\\@core\\vendor\\laravel\\framework\\src\\Illuminate\\Database\\Query\\Builder.php(2341): Illuminate\\Database\\Query\\Builder->onceWithColumns(Array, Object(Closure))
#6 D:\\laragon\\www\\katerio\\@core\\vendor\\laravel\\framework\\src\\Illuminate\\Database\\Eloquent\\Builder.php(615): Illuminate\\Database\\Query\\Builder->get(Array)
#7 D:\\laragon\\www\\katerio\\@core\\vendor\\laravel\\framework\\src\\Illuminate\\Database\\Eloquent\\Builder.php(599): Illuminate\\Database\\Eloquent\\Builder->getModels(Array)
#8 D:\\laragon\\www\\katerio\\@core\\vendor\\laravel\\framework\\src\\Illuminate\\Database\\Eloquent\\Model.php(568): Illuminate\\Database\\Eloquent\\Builder->get(Array)
#9 D:\\laragon\\www\\katerio\\@core\\app\\Providers\\AppServiceProvider.php(28): Illuminate\\Database\\Eloquent\\Model::all()
#10 D:\\laragon\\www\\katerio\\@core\\vendor\\laravel\\framework\\src\\Illuminate\\Container\\BoundMethod.php(36): App\\Providers\\AppServiceProvider->boot()
#11 D:\\laragon\\www\\katerio\\@core\\vendor\\laravel\\framework\\src\\Illuminate\\Container\\Util.php(40): Illuminate\\Container\\BoundMethod::Illuminate\\Container\\{closure}()
#12 D:\\laragon\\www\\katerio\\@core\\vendor\\laravel\\framework\\src\\Illuminate\\Container\\BoundMethod.php(93): Illuminate\\Container\\Util::unwrapIfClosure(Object(Closure))
#13 D:\\laragon\\www\\katerio\\@core\\vendor\\laravel\\framework\\src\\Illuminate\\Container\\BoundMethod.php(37): Illuminate\\Container\\BoundMethod::callBoundMethod(Object(Illuminate\\Foundation\\Application), Array, Object(Closure))
#14 D:\\laragon\\www\\katerio\\@core\\vendor\\laravel\\framework\\src\\Illuminate\\Container\\Container.php(653): Illuminate\\Container\\BoundMethod::call(Object(Illuminate\\Foundation\\Application), Array, Array, NULL)
#15 D:\\laragon\\www\\katerio\\@core\\vendor\\laravel\\framework\\src\\Illuminate\\Foundation\\Application.php(914): Illuminate\\Container\\Container->call(Array)
#16 D:\\laragon\\www\\katerio\\@core\\vendor\\laravel\\framework\\src\\Illuminate\\Foundation\\Application.php(895): Illuminate\\Foundation\\Application->bootProvider(Object(App\\Providers\\AppServiceProvider))
#17 [internal function]: Illuminate\\Foundation\\Application->Illuminate\\Foundation\\{closure}(Object(App\\Providers\\AppServiceProvider), 31)
#18 D:\\laragon\\www\\katerio\\@core\\vendor\\laravel\\framework\\src\\Illuminate\\Foundation\\Application.php(896): array_walk(Array, Object(Closure))
#19 D:\\laragon\\www\\katerio\\@core\\vendor\\laravel\\framework\\src\\Illuminate\\Foundation\\Bootstrap\\BootProviders.php(17): Illuminate\\Foundation\\Application->boot()
#20 D:\\laragon\\www\\katerio\\@core\\vendor\\laravel\\framework\\src\\Illuminate\\Foundation\\Application.php(237): Illuminate\\Foundation\\Bootstrap\\BootProviders->bootstrap(Object(Illuminate\\Foundation\\Application))
#21 D:\\laragon\\www\\katerio\\@core\\vendor\\laravel\\framework\\src\\Illuminate\\Foundation\\Http\\Kernel.php(153): Illuminate\\Foundation\\Application->bootstrapWith(Array)
#22 D:\\laragon\\www\\katerio\\@core\\vendor\\laravel\\framework\\src\\Illuminate\\Foundation\\Http\\Kernel.php(137): Illuminate\\Foundation\\Http\\Kernel->bootstrap()
#23 D:\\laragon\\www\\katerio\\@core\\vendor\\laravel\\framework\\src\\Illuminate\\Foundation\\Http\\Kernel.php(111): Illuminate\\Foundation\\Http\\Kernel->sendRequestThroughRouter(Object(Illuminate\\Http\\Request))
#24 D:\\laragon\\www\\katerio\\index.php(74): Illuminate\\Foundation\\Http\\Kernel->handle(Object(Illuminate\\Http\\Request))
#25 {main}

[previous exception] [object] (PDOException(code: 1045): SQLSTATE[HY000] [1045] Access denied for user 'forge'@'localhost' (using password: NO) at D:\\laragon\\www\\katerio\\@core\\vendor\\laravel\\framework\\src\\Illuminate\\Database\\Connectors\\Connector.php:70)
[stacktrace]
#0 D:\\laragon\\www\\katerio\\@core\\vendor\\laravel\\framework\\src\\Illuminate\\Database\\Connectors\\Connector.php(70): PDO->__construct('mysql:host=127....', 'forge', '', Array)
#1 D:\\laragon\\www\\katerio\\@core\\vendor\\laravel\\framework\\src\\Illuminate\\Database\\Connectors\\Connector.php(46): Illuminate\\Database\\Connectors\\Connector->createPdoConnection('mysql:host=127....', 'forge', '', Array)
#2 D:\\laragon\\www\\katerio\\@core\\vendor\\laravel\\framework\\src\\Illuminate\\Database\\Connectors\\MySqlConnector.php(24): Illuminate\\Database\\Connectors\\Connector->createConnection('mysql:host=127....', Array, Array)
#3 D:\\laragon\\www\\katerio\\@core\\vendor\\laravel\\framework\\src\\Illuminate\\Database\\Connectors\\ConnectionFactory.php(184): Illuminate\\Database\\Connectors\\MySqlConnector->connect(Array)
#4 [internal function]: Illuminate\\Database\\Connectors\\ConnectionFactory->Illuminate\\Database\\Connectors\\{closure}()
#5 D:\\laragon\\www\\katerio\\@core\\vendor\\laravel\\framework\\src\\Illuminate\\Database\\Connection.php(1021): call_user_func(Object(Closure))
#6 D:\\laragon\\www\\katerio\\@core\\vendor\\laravel\\framework\\src\\Illuminate\\Database\\Connection.php(1057): Illuminate\\Database\\Connection->getPdo()
#7 D:\\laragon\\www\\katerio\\@core\\vendor\\laravel\\framework\\src\\Illuminate\\Database\\Connection.php(433): Illuminate\\Database\\Connection->getReadPdo()
#8 D:\\laragon\\www\\katerio\\@core\\vendor\\laravel\\framework\\src\\Illuminate\\Database\\Connection.php(359): Illuminate\\Database\\Connection->getPdoForSelect(true)
#9 D:\\laragon\\www\\katerio\\@core\\vendor\\laravel\\framework\\src\\Illuminate\\Database\\Connection.php(696): Illuminate\\Database\\Connection->Illuminate\\Database\\{closure}('select * from `...', Array)
#10 D:\\laragon\\www\\katerio\\@core\\vendor\\laravel\\framework\\src\\Illuminate\\Database\\Connection.php(663): Illuminate\\Database\\Connection->runQueryCallback('select * from `...', Array, Object(Closure))
#11 D:\\laragon\\www\\katerio\\@core\\vendor\\laravel\\framework\\src\\Illuminate\\Database\\Connection.php(367): Illuminate\\Database\\Connection->run('select * from `...', Array, Object(Closure))
#12 D:\\laragon\\www\\katerio\\@core\\vendor\\laravel\\framework\\src\\Illuminate\\Database\\Query\\Builder.php(2352): Illuminate\\Database\\Connection->select('select * from `...', Array, true)
#13 D:\\laragon\\www\\katerio\\@core\\vendor\\laravel\\framework\\src\\Illuminate\\Database\\Query\\Builder.php(2340): Illuminate\\Database\\Query\\Builder->runSelect()
#14 D:\\laragon\\www\\katerio\\@core\\vendor\\laravel\\framework\\src\\Illuminate\\Database\\Query\\Builder.php(2874): Illuminate\\Database\\Query\\Builder->Illuminate\\Database\\Query\\{closure}()
#15 D:\\laragon\\www\\katerio\\@core\\vendor\\laravel\\framework\\src\\Illuminate\\Database\\Query\\Builder.php(2341): Illuminate\\Database\\Query\\Builder->onceWithColumns(Array, Object(Closure))
#16 D:\\laragon\\www\\katerio\\@core\\vendor\\laravel\\framework\\src\\Illuminate\\Database\\Eloquent\\Builder.php(615): Illuminate\\Database\\Query\\Builder->get(Array)
#17 D:\\laragon\\www\\katerio\\@core\\vendor\\laravel\\framework\\src\\Illuminate\\Database\\Eloquent\\Builder.php(599): Illuminate\\Database\\Eloquent\\Builder->getModels(Array)
#18 D:\\laragon\\www\\katerio\\@core\\vendor\\laravel\\framework\\src\\Illuminate\\Database\\Eloquent\\Model.php(568): Illuminate\\Database\\Eloquent\\Builder->get(Array)
#19 D:\\laragon\\www\\katerio\\@core\\app\\Providers\\AppServiceProvider.php(28): Illuminate\\Database\\Eloquent\\Model::all()
#20 D:\\laragon\\www\\katerio\\@core\\vendor\\laravel\\framework\\src\\Illuminate\\Container\\BoundMethod.php(36): App\\Providers\\AppServiceProvider->boot()
#21 D:\\laragon\\www\\katerio\\@core\\vendor\\laravel\\framework\\src\\Illuminate\\Container\\Util.php(40): Illuminate\\Container\\BoundMethod::Illuminate\\Container\\{closure}()
#22 D:\\laragon\\www\\katerio\\@core\\vendor\\laravel\\framework\\src\\Illuminate\\Container\\BoundMethod.php(93): Illuminate\\Container\\Util::unwrapIfClosure(Object(Closure))
#23 D:\\laragon\\www\\katerio\\@core\\vendor\\laravel\\framework\\src\\Illuminate\\Container\\BoundMethod.php(37): Illuminate\\Container\\BoundMethod::callBoundMethod(Object(Illuminate\\Foundation\\Application), Array, Object(Closure))
#24 D:\\laragon\\www\\katerio\\@core\\vendor\\laravel\\framework\\src\\Illuminate\\Container\\Container.php(653): Illuminate\\Container\\BoundMethod::call(Object(Illuminate\\Foundation\\Application), Array, Array, NULL)
#25 D:\\laragon\\www\\katerio\\@core\\vendor\\laravel\\framework\\src\\Illuminate\\Foundation\\Application.php(914): Illuminate\\Container\\Container->call(Array)
#26 D:\\laragon\\www\\katerio\\@core\\vendor\\laravel\\framework\\src\\Illuminate\\Foundation\\Application.php(895): Illuminate\\Foundation\\Application->bootProvider(Object(App\\Providers\\AppServiceProvider))
#27 [internal function]: Illuminate\\Foundation\\Application->Illuminate\\Foundation\\{closure}(Object(App\\Providers\\AppServiceProvider), 31)
#28 D:\\laragon\\www\\katerio\\@core\\vendor\\laravel\\framework\\src\\Illuminate\\Foundation\\Application.php(896): array_walk(Array, Object(Closure))
#29 D:\\laragon\\www\\katerio\\@core\\vendor\\laravel\\framework\\src\\Illuminate\\Foundation\\Bootstrap\\BootProviders.php(17): Illuminate\\Foundation\\Application->boot()
#30 D:\\laragon\\www\\katerio\\@core\\vendor\\laravel\\framework\\src\\Illuminate\\Foundation\\Application.php(237): Illuminate\\Foundation\\Bootstrap\\BootProviders->bootstrap(Object(Illuminate\\Foundation\\Application))
#31 D:\\laragon\\www\\katerio\\@core\\vendor\\laravel\\framework\\src\\Illuminate\\Foundation\\Http\\Kernel.php(153): Illuminate\\Foundation\\Application->bootstrapWith(Array)
#32 D:\\laragon\\www\\katerio\\@core\\vendor\\laravel\\framework\\src\\Illuminate\\Foundation\\Http\\Kernel.php(137): Illuminate\\Foundation\\Http\\Kernel->bootstrap()
#33 D:\\laragon\\www\\katerio\\@core\\vendor\\laravel\\framework\\src\\Illuminate\\Foundation\\Http\\Kernel.php(111): Illuminate\\Foundation\\Http\\Kernel->sendRequestThroughRouter(Object(Illuminate\\Http\\Request))
#34 D:\\laragon\\www\\katerio\\index.php(74): Illuminate\\Foundation\\Http\\Kernel->handle(Object(Illuminate\\Http\\Request))
#35 {main}
"} 
[2022-01-31 08:01:29] production.ERROR: SQLSTATE[HY000] [1045] Access denied for user 'forge'@'localhost' (using password: NO) (SQL: select * from `languages` where `default` = 1 limit 1) (View: D:\laragon\www\katerio\@core\resources\views\errors\500.blade.php) {"view":{"view":"D:\\laragon\\www\\katerio\\@core\\vendor\\laravel\\framework\\src\\Illuminate\\Database\\Connection.php","data":[]},"exception":"[object] (Facade\\Ignition\\Exceptions\\ViewException(code: 0): SQLSTATE[HY000] [1045] Access denied for user 'forge'@'localhost' (using password: NO) (SQL: select * from `languages` where `default` = 1 limit 1) (View: D:\\laragon\\www\\katerio\\@core\esources\\views\\errors\\500.blade.php) at D:\\laragon\\www\\katerio\\@core\\vendor\\laravel\\framework\\src\\Illuminate\\Database\\Connection.php:703)
[stacktrace]
#0 D:\\laragon\\www\\katerio\\@core\\vendor\\laravel\\framework\\src\\Illuminate\\Database\\Connection.php(663): Illuminate\\Database\\Connection->runQueryCallback('select * from `...', Array, Object(Closure))
#1 D:\\laragon\\www\\katerio\\@core\\vendor\\laravel\\framework\\src\\Illuminate\\Database\\Connection.php(367): Illuminate\\Database\\Connection->run('select * from `...', Array, Object(Closure))
#2 D:\\laragon\\www\\katerio\\@core\\vendor\\laravel\\framework\\src\\Illuminate\\Database\\Query\\Builder.php(2352): Illuminate\\Database\\Connection->select('select * from `...', Array, true)
#3 D:\\laragon\\www\\katerio\\@core\\vendor\\laravel\\framework\\src\\Illuminate\\Database\\Query\\Builder.php(2340): Illuminate\\Database\\Query\\Builder->runSelect()
#4 D:\\laragon\\www\\katerio\\@core\\vendor\\laravel\\framework\\src\\Illuminate\\Database\\Query\\Builder.php(2874): Illuminate\\Database\\Query\\Builder->Illuminate\\Database\\Query\\{closure}()
#5 D:\\laragon\\www\\katerio\\@core\\vendor\\laravel\\framework\\src\\Illuminate\\Database\\Query\\Builder.php(2341): Illuminate\\Database\\Query\\Builder->onceWithColumns(Array, Object(Closure))
#6 D:\\laragon\\www\\katerio\\@core\\vendor\\laravel\\framework\\src\\Illuminate\\Database\\Eloquent\\Builder.php(615): Illuminate\\Database\\Query\\Builder->get(Array)
#7 D:\\laragon\\www\\katerio\\@core\\vendor\\laravel\\framework\\src\\Illuminate\\Database\\Eloquent\\Builder.php(599): Illuminate\\Database\\Eloquent\\Builder->getModels(Array)
#8 D:\\laragon\\www\\katerio\\@core\\vendor\\laravel\\framework\\src\\Illuminate\\Database\\Concerns\\BuildsQueries.php(259): Illuminate\\Database\\Eloquent\\Builder->get(Array)
#9 D:\\laragon\\www\\katerio\\@core\\app\\Helpers\\LanguageHelper.php(70): Illuminate\\Database\\Eloquent\\Builder->first()
#10 D:\\laragon\\www\\katerio\\@core\\app\\Helpers\\helpers.php(375): App\\Helpers\\LanguageHelper::user_lang_slug()
#11 D:\\laragon\\www\\katerio\\@core\esources\\views/errors/500.blade.php(9): get_user_lang()
#12 D:\\laragon\\www\\katerio\\@core\\vendor\\laravel\\framework\\src\\Illuminate\\Filesystem\\Filesystem.php(107): require('D:\\\\laragon\\\\www\\\\...')
#13 D:\\laragon\\www\\katerio\\@core\\vendor\\laravel\\framework\\src\\Illuminate\\Filesystem\\Filesystem.php(108): Illuminate\\Filesystem\\Filesystem::Illuminate\\Filesystem\\{closure}()
#14 D:\\laragon\\www\\katerio\\@core\\vendor\\laravel\\framework\\src\\Illuminate\\View\\Engines\\PhpEngine.php(58): Illuminate\\Filesystem\\Filesystem->getRequire('D:\\\\laragon\\\\www\\\\...', Array)
#15 D:\\laragon\\www\\katerio\\@core\\vendor\\laravel\\framework\\src\\Illuminate\\View\\Engines\\CompilerEngine.php(61): Illuminate\\View\\Engines\\PhpEngine->evaluatePath('D:\\\\laragon\\\\www\\\\...', Array)
#16 D:\\laragon\\www\\katerio\\@core\\vendor\\facade\\ignition\\src\\Views\\Engines\\CompilerEngine.php(37): Illuminate\\View\\Engines\\CompilerEngine->get('D:\\\\laragon\\\\www\\\\...', Array)
#17 D:\\laragon\\www\\katerio\\@core\\vendor\\laravel\\framework\\src\\Illuminate\\View\\View.php(139): Facade\\Ignition\\Views\\Engines\\CompilerEngine->get('D:\\\\laragon\\\\www\\\\...', Array)
#18 D:\\laragon\\www\\katerio\\@core\\vendor\\laravel\\framework\\src\\Illuminate\\View\\View.php(122): Illuminate\\View\\View->getContents()
#19 D:\\laragon\\www\\katerio\\@core\\vendor\\laravel\\framework\\src\\Illuminate\\View\\View.php(91): Illuminate\\View\\View->renderContents()
#20 D:\\laragon\\www\\katerio\\@core\\vendor\\laravel\\framework\\src\\Illuminate\\Http\\Response.php(69): Illuminate\\View\\View->render()
#21 D:\\laragon\\www\\katerio\\@core\\vendor\\laravel\\framework\\src\\Illuminate\\Http\\Response.php(35): Illuminate\\Http\\Response->setContent(Object(Illuminate\\View\\View))
#22 D:\\laragon\\www\\katerio\\@core\\vendor\\laravel\\framework\\src\\Illuminate\\Routing\\ResponseFactory.php(55): Illuminate\\Http\\Response->__construct(Object(Illuminate\\View\\View), 500, Array)
#23 D:\\laragon\\www\\katerio\\@core\\vendor\\laravel\\framework\\src\\Illuminate\\Routing\\ResponseFactory.php(85): Illuminate\\Routing\\ResponseFactory->make(Object(Illuminate\\View\\View), 500, Array)
#24 D:\\laragon\\www\\katerio\\@core\\vendor\\laravel\\framework\\src\\Illuminate\\Foundation\\Exceptions\\Handler.php(585): Illuminate\\Routing\\ResponseFactory->view('errors::500', Array, 500, Array)
#25 D:\\laragon\\www\\katerio\\@core\\vendor\\laravel\\framework\\src\\Illuminate\\Foundation\\Exceptions\\Handler.php(490): Illuminate\\Foundation\\Exceptions\\Handler->renderHttpException(Object(Symfony\\Component\\HttpKernel\\Exception\\HttpException))
#26 D:\\laragon\\www\\katerio\\@core\\vendor\\laravel\\framework\\src\\Illuminate\\Foundation\\Exceptions\\Handler.php(356): Illuminate\\Foundation\\Exceptions\\Handler->prepareResponse(Object(Illuminate\\Http\\Request), Object(Symfony\\Component\\HttpKernel\\Exception\\HttpException))
#27 D:\\laragon\\www\\katerio\\@core\\app\\Exceptions\\Handler.php(61): Illuminate\\Foundation\\Exceptions\\Handler->render(Object(Illuminate\\Http\\Request), Object(Illuminate\\Database\\QueryException))
#28 D:\\laragon\\www\\katerio\\@core\\vendor\\laravel\\framework\\src\\Illuminate\\Foundation\\Http\\Kernel.php(427): App\\Exceptions\\Handler->render(Object(Illuminate\\Http\\Request), Object(Illuminate\\Database\\QueryException))
#29 D:\\laragon\\www\\katerio\\@core\\vendor\\laravel\\framework\\src\\Illuminate\\Foundation\\Http\\Kernel.php(115): Illuminate\\Foundation\\Http\\Kernel->renderException(Object(Illuminate\\Http\\Request), Object(Illuminate\\Database\\QueryException))
#30 D:\\laragon\\www\\katerio\\index.php(74): Illuminate\\Foundation\\Http\\Kernel->handle(Object(Illuminate\\Http\\Request))
#31 {main}

[previous exception] [object] (Illuminate\\Database\\QueryException(code: 1045): SQLSTATE[HY000] [1045] Access denied for user 'forge'@'localhost' (using password: NO) (SQL: select * from `languages` where `default` = 1 limit 1) at D:\\laragon\\www\\katerio\\@core\\vendor\\laravel\\framework\\src\\Illuminate\\Database\\Connection.php:703)
[stacktrace]
#0 D:\\laragon\\www\\katerio\\@core\\vendor\\laravel\\framework\\src\\Illuminate\\Database\\Connection.php(663): Illuminate\\Database\\Connection->runQueryCallback('select * from `...', Array, Object(Closure))
#1 D:\\laragon\\www\\katerio\\@core\\vendor\\laravel\\framework\\src\\Illuminate\\Database\\Connection.php(367): Illuminate\\Database\\Connection->run('select * from `...', Array, Object(Closure))
#2 D:\\laragon\\www\\katerio\\@core\\vendor\\laravel\\framework\\src\\Illuminate\\Database\\Query\\Builder.php(2352): Illuminate\\Database\\Connection->select('select * from `...', Array, true)
#3 D:\\laragon\\www\\katerio\\@core\\vendor\\laravel\\framework\\src\\Illuminate\\Database\\Query\\Builder.php(2340): Illuminate\\Database\\Query\\Builder->runSelect()
#4 D:\\laragon\\www\\katerio\\@core\\vendor\\laravel\\framework\\src\\Illuminate\\Database\\Query\\Builder.php(2874): Illuminate\\Database\\Query\\Builder->Illuminate\\Database\\Query\\{closure}()
#5 D:\\laragon\\www\\katerio\\@core\\vendor\\laravel\\framework\\src\\Illuminate\\Database\\Query\\Builder.php(2341): Illuminate\\Database\\Query\\Builder->onceWithColumns(Array, Object(Closure))
#6 D:\\laragon\\www\\katerio\\@core\\vendor\\laravel\\framework\\src\\Illuminate\\Database\\Eloquent\\Builder.php(615): Illuminate\\Database\\Query\\Builder->get(Array)
#7 D:\\laragon\\www\\katerio\\@core\\vendor\\laravel\\framework\\src\\Illuminate\\Database\\Eloquent\\Builder.php(599): Illuminate\\Database\\Eloquent\\Builder->getModels(Array)
#8 D:\\laragon\\www\\katerio\\@core\\vendor\\laravel\\framework\\src\\Illuminate\\Database\\Concerns\\BuildsQueries.php(259): Illuminate\\Database\\Eloquent\\Builder->get(Array)
#9 D:\\laragon\\www\\katerio\\@core\\app\\Helpers\\LanguageHelper.php(70): Illuminate\\Database\\Eloquent\\Builder->first()
#10 D:\\laragon\\www\\katerio\\@core\\app\\Helpers\\helpers.php(375): App\\Helpers\\LanguageHelper::user_lang_slug()
#11 D:\\laragon\\www\\katerio\\@core\\storage\\framework\\views\\099fddfc297e0c5ef82dafdc27a8eb529a5a8e75.php(8): get_user_lang()
#12 D:\\laragon\\www\\katerio\\@core\\vendor\\laravel\\framework\\src\\Illuminate\\Filesystem\\Filesystem.php(107): require('D:\\\\laragon\\\\www\\\\...')
#13 D:\\laragon\\www\\katerio\\@core\\vendor\\laravel\\framework\\src\\Illuminate\\Filesystem\\Filesystem.php(108): Illuminate\\Filesystem\\Filesystem::Illuminate\\Filesystem\\{closure}()
#14 D:\\laragon\\www\\katerio\\@core\\vendor\\laravel\\framework\\src\\Illuminate\\View\\Engines\\PhpEngine.php(58): Illuminate\\Filesystem\\Filesystem->getRequire('D:\\\\laragon\\\\www\\\\...', Array)
#15 D:\\laragon\\www\\katerio\\@core\\vendor\\laravel\\framework\\src\\Illuminate\\View\\Engines\\CompilerEngine.php(61): Illuminate\\View\\Engines\\PhpEngine->evaluatePath('D:\\\\laragon\\\\www\\\\...', Array)
#16 D:\\laragon\\www\\katerio\\@core\\vendor\\facade\\ignition\\src\\Views\\Engines\\CompilerEngine.php(37): Illuminate\\View\\Engines\\CompilerEngine->get('D:\\\\laragon\\\\www\\\\...', Array)
#17 D:\\laragon\\www\\katerio\\@core\\vendor\\laravel\\framework\\src\\Illuminate\\View\\View.php(139): Facade\\Ignition\\Views\\Engines\\CompilerEngine->get('D:\\\\laragon\\\\www\\\\...', Array)
#18 D:\\laragon\\www\\katerio\\@core\\vendor\\laravel\\framework\\src\\Illuminate\\View\\View.php(122): Illuminate\\View\\View->getContents()
#19 D:\\laragon\\www\\katerio\\@core\\vendor\\laravel\\framework\\src\\Illuminate\\View\\View.php(91): Illuminate\\View\\View->renderContents()
#20 D:\\laragon\\www\\katerio\\@core\\vendor\\laravel\\framework\\src\\Illuminate\\Http\\Response.php(69): Illuminate\\View\\View->render()
#21 D:\\laragon\\www\\katerio\\@core\\vendor\\laravel\\framework\\src\\Illuminate\\Http\\Response.php(35): Illuminate\\Http\\Response->setContent(Object(Illuminate\\View\\View))
#22 D:\\laragon\\www\\katerio\\@core\\vendor\\laravel\\framework\\src\\Illuminate\\Routing\\ResponseFactory.php(55): Illuminate\\Http\\Response->__construct(Object(Illuminate\\View\\View), 500, Array)
#23 D:\\laragon\\www\\katerio\\@core\\vendor\\laravel\\framework\\src\\Illuminate\\Routing\\ResponseFactory.php(85): Illuminate\\Routing\\ResponseFactory->make(Object(Illuminate\\View\\View), 500, Array)
#24 D:\\laragon\\www\\katerio\\@core\\vendor\\laravel\\framework\\src\\Illuminate\\Foundation\\Exceptions\\Handler.php(585): Illuminate\\Routing\\ResponseFactory->view('errors::500', Array, 500, Array)
#25 D:\\laragon\\www\\katerio\\@core\\vendor\\laravel\\framework\\src\\Illuminate\\Foundation\\Exceptions\\Handler.php(490): Illuminate\\Foundation\\Exceptions\\Handler->renderHttpException(Object(Symfony\\Component\\HttpKernel\\Exception\\HttpException))
#26 D:\\laragon\\www\\katerio\\@core\\vendor\\laravel\\framework\\src\\Illuminate\\Foundation\\Exceptions\\Handler.php(356): Illuminate\\Foundation\\Exceptions\\Handler->prepareResponse(Object(Illuminate\\Http\\Request), Object(Symfony\\Component\\HttpKernel\\Exception\\HttpException))
#27 D:\\laragon\\www\\katerio\\@core\\app\\Exceptions\\Handler.php(61): Illuminate\\Foundation\\Exceptions\\Handler->render(Object(Illuminate\\Http\\Request), Object(Illuminate\\Database\\QueryException))
#28 D:\\laragon\\www\\katerio\\@core\\vendor\\laravel\\framework\\src\\Illuminate\\Foundation\\Http\\Kernel.php(427): App\\Exceptions\\Handler->render(Object(Illuminate\\Http\\Request), Object(Illuminate\\Database\\QueryException))
#29 D:\\laragon\\www\\katerio\\@core\\vendor\\laravel\\framework\\src\\Illuminate\\Foundation\\Http\\Kernel.php(115): Illuminate\\Foundation\\Http\\Kernel->renderException(Object(Illuminate\\Http\\Request), Object(Illuminate\\Database\\QueryException))
#30 D:\\laragon\\www\\katerio\\index.php(74): Illuminate\\Foundation\\Http\\Kernel->handle(Object(Illuminate\\Http\\Request))
#31 {main}

[previous exception] [object] (PDOException(code: 1045): SQLSTATE[HY000] [1045] Access denied for user 'forge'@'localhost' (using password: NO) at D:\\laragon\\www\\katerio\\@core\\vendor\\laravel\\framework\\src\\Illuminate\\Database\\Connectors\\Connector.php:70)
[stacktrace]
#0 D:\\laragon\\www\\katerio\\@core\\vendor\\laravel\\framework\\src\\Illuminate\\Database\\Connectors\\Connector.php(70): PDO->__construct('mysql:host=127....', 'forge', '', Array)
#1 D:\\laragon\\www\\katerio\\@core\\vendor\\laravel\\framework\\src\\Illuminate\\Database\\Connectors\\Connector.php(46): Illuminate\\Database\\Connectors\\Connector->createPdoConnection('mysql:host=127....', 'forge', '', Array)
#2 D:\\laragon\\www\\katerio\\@core\\vendor\\laravel\\framework\\src\\Illuminate\\Database\\Connectors\\MySqlConnector.php(24): Illuminate\\Database\\Connectors\\Connector->createConnection('mysql:host=127....', Array, Array)
#3 D:\\laragon\\www\\katerio\\@core\\vendor\\laravel\\framework\\src\\Illuminate\\Database\\Connectors\\ConnectionFactory.php(184): Illuminate\\Database\\Connectors\\MySqlConnector->connect(Array)
#4 [internal function]: Illuminate\\Database\\Connectors\\ConnectionFactory->Illuminate\\Database\\Connectors\\{closure}()
#5 D:\\laragon\\www\\katerio\\@core\\vendor\\laravel\\framework\\src\\Illuminate\\Database\\Connection.php(1021): call_user_func(Object(Closure))
#6 D:\\laragon\\www\\katerio\\@core\\vendor\\laravel\\framework\\src\\Illuminate\\Database\\Connection.php(1057): Illuminate\\Database\\Connection->getPdo()
#7 D:\\laragon\\www\\katerio\\@core\\vendor\\laravel\\framework\\src\\Illuminate\\Database\\Connection.php(433): Illuminate\\Database\\Connection->getReadPdo()
#8 D:\\laragon\\www\\katerio\\@core\\vendor\\laravel\\framework\\src\\Illuminate\\Database\\Connection.php(359): Illuminate\\Database\\Connection->getPdoForSelect(true)
#9 D:\\laragon\\www\\katerio\\@core\\vendor\\laravel\\framework\\src\\Illuminate\\Database\\Connection.php(696): Illuminate\\Database\\Connection->Illuminate\\Database\\{closure}('select * from `...', Array)
#10 D:\\laragon\\www\\katerio\\@core\\vendor\\laravel\\framework\\src\\Illuminate\\Database\\Connection.php(663): Illuminate\\Database\\Connection->runQueryCallback('select * from `...', Array, Object(Closure))
#11 D:\\laragon\\www\\katerio\\@core\\vendor\\laravel\\framework\\src\\Illuminate\\Database\\Connection.php(367): Illuminate\\Database\\Connection->run('select * from `...', Array, Object(Closure))
#12 D:\\laragon\\www\\katerio\\@core\\vendor\\laravel\\framework\\src\\Illuminate\\Database\\Query\\Builder.php(2352): Illuminate\\Database\\Connection->select('select * from `...', Array, true)
#13 D:\\laragon\\www\\katerio\\@core\\vendor\\laravel\\framework\\src\\Illuminate\\Database\\Query\\Builder.php(2340): Illuminate\\Database\\Query\\Builder->runSelect()
#14 D:\\laragon\\www\\katerio\\@core\\vendor\\laravel\\framework\\src\\Illuminate\\Database\\Query\\Builder.php(2874): Illuminate\\Database\\Query\\Builder->Illuminate\\Database\\Query\\{closure}()
#15 D:\\laragon\\www\\katerio\\@core\\vendor\\laravel\\framework\\src\\Illuminate\\Database\\Query\\Builder.php(2341): Illuminate\\Database\\Query\\Builder->onceWithColumns(Array, Object(Closure))
#16 D:\\laragon\\www\\katerio\\@core\\vendor\\laravel\\framework\\src\\Illuminate\\Database\\Eloquent\\Builder.php(615): Illuminate\\Database\\Query\\Builder->get(Array)
#17 D:\\laragon\\www\\katerio\\@core\\vendor\\laravel\\framework\\src\\Illuminate\\Database\\Eloquent\\Builder.php(599): Illuminate\\Database\\Eloquent\\Builder->getModels(Array)
#18 D:\\laragon\\www\\katerio\\@core\\vendor\\laravel\\framework\\src\\Illuminate\\Database\\Concerns\\BuildsQueries.php(259): Illuminate\\Database\\Eloquent\\Builder->get(Array)
#19 D:\\laragon\\www\\katerio\\@core\\app\\Helpers\\LanguageHelper.php(70): Illuminate\\Database\\Eloquent\\Builder->first()
#20 D:\\laragon\\www\\katerio\\@core\\app\\Helpers\\helpers.php(375): App\\Helpers\\LanguageHelper::user_lang_slug()
#21 D:\\laragon\\www\\katerio\\@core\\storage\\framework\\views\\099fddfc297e0c5ef82dafdc27a8eb529a5a8e75.php(8): get_user_lang()
#22 D:\\laragon\\www\\katerio\\@core\\vendor\\laravel\\framework\\src\\Illuminate\\Filesystem\\Filesystem.php(107): require('D:\\\\laragon\\\\www\\\\...')
#23 D:\\laragon\\www\\katerio\\@core\\vendor\\laravel\\framework\\src\\Illuminate\\Filesystem\\Filesystem.php(108): Illuminate\\Filesystem\\Filesystem::Illuminate\\Filesystem\\{closure}()
#24 D:\\laragon\\www\\katerio\\@core\\vendor\\laravel\\framework\\src\\Illuminate\\View\\Engines\\PhpEngine.php(58): Illuminate\\Filesystem\\Filesystem->getRequire('D:\\\\laragon\\\\www\\\\...', Array)
#25 D:\\laragon\\www\\katerio\\@core\\vendor\\laravel\\framework\\src\\Illuminate\\View\\Engines\\CompilerEngine.php(61): Illuminate\\View\\Engines\\PhpEngine->evaluatePath('D:\\\\laragon\\\\www\\\\...', Array)
#26 D:\\laragon\\www\\katerio\\@core\\vendor\\facade\\ignition\\src\\Views\\Engines\\CompilerEngine.php(37): Illuminate\\View\\Engines\\CompilerEngine->get('D:\\\\laragon\\\\www\\\\...', Array)
#27 D:\\laragon\\www\\katerio\\@core\\vendor\\laravel\\framework\\src\\Illuminate\\View\\View.php(139): Facade\\Ignition\\Views\\Engines\\CompilerEngine->get('D:\\\\laragon\\\\www\\\\...', Array)
#28 D:\\laragon\\www\\katerio\\@core\\vendor\\laravel\\framework\\src\\Illuminate\\View\\View.php(122): Illuminate\\View\\View->getContents()
#29 D:\\laragon\\www\\katerio\\@core\\vendor\\laravel\\framework\\src\\Illuminate\\View\\View.php(91): Illuminate\\View\\View->renderContents()
#30 D:\\laragon\\www\\katerio\\@core\\vendor\\laravel\\framework\\src\\Illuminate\\Http\\Response.php(69): Illuminate\\View\\View->render()
#31 D:\\laragon\\www\\katerio\\@core\\vendor\\laravel\\framework\\src\\Illuminate\\Http\\Response.php(35): Illuminate\\Http\\Response->setContent(Object(Illuminate\\View\\View))
#32 D:\\laragon\\www\\katerio\\@core\\vendor\\laravel\\framework\\src\\Illuminate\\Routing\\ResponseFactory.php(55): Illuminate\\Http\\Response->__construct(Object(Illuminate\\View\\View), 500, Array)
#33 D:\\laragon\\www\\katerio\\@core\\vendor\\laravel\\framework\\src\\Illuminate\\Routing\\ResponseFactory.php(85): Illuminate\\Routing\\ResponseFactory->make(Object(Illuminate\\View\\View), 500, Array)
#34 D:\\laragon\\www\\katerio\\@core\\vendor\\laravel\\framework\\src\\Illuminate\\Foundation\\Exceptions\\Handler.php(585): Illuminate\\Routing\\ResponseFactory->view('errors::500', Array, 500, Array)
#35 D:\\laragon\\www\\katerio\\@core\\vendor\\laravel\\framework\\src\\Illuminate\\Foundation\\Exceptions\\Handler.php(490): Illuminate\\Foundation\\Exceptions\\Handler->renderHttpException(Object(Symfony\\Component\\HttpKernel\\Exception\\HttpException))
#36 D:\\laragon\\www\\katerio\\@core\\vendor\\laravel\\framework\\src\\Illuminate\\Foundation\\Exceptions\\Handler.php(356): Illuminate\\Foundation\\Exceptions\\Handler->prepareResponse(Object(Illuminate\\Http\\Request), Object(Symfony\\Component\\HttpKernel\\Exception\\HttpException))
#37 D:\\laragon\\www\\katerio\\@core\\app\\Exceptions\\Handler.php(61): Illuminate\\Foundation\\Exceptions\\Handler->render(Object(Illuminate\\Http\\Request), Object(Illuminate\\Database\\QueryException))
#38 D:\\laragon\\www\\katerio\\@core\\vendor\\laravel\\framework\\src\\Illuminate\\Foundation\\Http\\Kernel.php(427): App\\Exceptions\\Handler->render(Object(Illuminate\\Http\\Request), Object(Illuminate\\Database\\QueryException))
#39 D:\\laragon\\www\\katerio\\@core\\vendor\\laravel\\framework\\src\\Illuminate\\Foundation\\Http\\Kernel.php(115): Illuminate\\Foundation\\Http\\Kernel->renderException(Object(Illuminate\\Http\\Request), Object(Illuminate\\Database\\QueryException))
#40 D:\\laragon\\www\\katerio\\index.php(74): Illuminate\\Foundation\\Http\\Kernel->handle(Object(Illuminate\\Http\\Request))
#41 {main}
"} 
[2022-01-31 08:01:29] production.ERROR: Uncaught PDOException: SQLSTATE[HY000] [1045] Access denied for user 'forge'@'localhost' (using password: NO) in D:\laragon\www\katerio\@core\vendor\laravel\framework\src\Illuminate\Database\Connectors\Connector.php:70
Stack trace:
#0 D:\laragon\www\katerio\@core\vendor\laravel\framework\src\Illuminate\Database\Connectors\Connector.php(70): PDO->__construct('mysql:host=127....', 'forge', '', Array)
#1 D:\laragon\www\katerio\@core\vendor\laravel\framework\src\Illuminate\Database\Connectors\Connector.php(46): Illuminate\Database\Connectors\Connector->createPdoConnection('mysql:host=127....', 'forge', '', Array)
#2 D:\laragon\www\katerio\@core\vendor\laravel\framework\src\Illuminate\Database\Connectors\MySqlConnector.php(24): Illuminate\Database\Connectors\Connector->createConnection('mysql:host=127....', Array, Array)
#3 D:\laragon\www\katerio\@core\vendor\laravel\framework\src\Illuminate\Database\Connectors\ConnectionFactory.php(184): Illuminate\Database\Connectors\MySqlConnector->connect(Array)
#4 [internal f {"exception":"[object] (Symfony\\Component\\ErrorHandler\\Error\\FatalError(code: 0): Uncaught PDOException: SQLSTATE[HY000] [1045] Access denied for user 'forge'@'localhost' (using password: NO) in D:\\laragon\\www\\katerio\\@core\\vendor\\laravel\\framework\\src\\Illuminate\\Database\\Connectors\\Connector.php:70
Stack trace:
#0 D:\\laragon\\www\\katerio\\@core\\vendor\\laravel\\framework\\src\\Illuminate\\Database\\Connectors\\Connector.php(70): PDO->__construct('mysql:host=127....', 'forge', '', Array)
#1 D:\\laragon\\www\\katerio\\@core\\vendor\\laravel\\framework\\src\\Illuminate\\Database\\Connectors\\Connector.php(46): Illuminate\\Database\\Connectors\\Connector->createPdoConnection('mysql:host=127....', 'forge', '', Array)
#2 D:\\laragon\\www\\katerio\\@core\\vendor\\laravel\\framework\\src\\Illuminate\\Database\\Connectors\\MySqlConnector.php(24): Illuminate\\Database\\Connectors\\Connector->createConnection('mysql:host=127....', Array, Array)
#3 D:\\laragon\\www\\katerio\\@core\\vendor\\laravel\\framework\\src\\Illuminate\\Database\\Connectors\\ConnectionFactory.php(184): Illuminate\\Database\\Connectors\\MySqlConnector->connect(Array)
#4 [internal f at D:\\laragon\\www\\katerio\\@core\\vendor\\laravel\\framework\\src\\Illuminate\\Database\\Connection.php:703)
[stacktrace]
#0 {main}
"} 
